<?xml version="1.0" encoding="UTF-8"?>
<testsuite xmlns:xsi="http://www.w3.org/2001/XMLSchema-instance" xsi:noNamespaceSchemaLocation="https://maven.apache.org/surefire/maven-surefire-plugin/xsd/surefire-test-report.xsd" name="MyTest" time="0.265" tests="81" errors="0" skipped="0" failures="0">
  <properties>
    <property name="java.specification.version" value="17"/>
    <property name="sun.cpu.isalist" value="amd64"/>
    <property name="sun.jnu.encoding" value="Cp1252"/>
    <property name="java.class.path" value="C:\Users\jjfan\Documents\Computer Science\CS 342\Project2\Project2\target\test-classes;C:\Users\jjfan\Documents\Computer Science\CS 342\Project2\Project2\target\classes;C:\Users\jjfan\.m2\repository\org\junit\jupiter\junit-jupiter\5.6.2\junit-jupiter-5.6.2.jar;C:\Users\jjfan\.m2\repository\org\junit\jupiter\junit-jupiter-api\5.6.2\junit-jupiter-api-5.6.2.jar;C:\Users\jjfan\.m2\repository\org\apiguardian\apiguardian-api\1.1.0\apiguardian-api-1.1.0.jar;C:\Users\jjfan\.m2\repository\org\opentest4j\opentest4j\1.2.0\opentest4j-1.2.0.jar;C:\Users\jjfan\.m2\repository\org\junit\platform\junit-platform-commons\1.6.2\junit-platform-commons-1.6.2.jar;C:\Users\jjfan\.m2\repository\org\junit\jupiter\junit-jupiter-params\5.6.2\junit-jupiter-params-5.6.2.jar;C:\Users\jjfan\.m2\repository\org\junit\jupiter\junit-jupiter-engine\5.6.2\junit-jupiter-engine-5.6.2.jar;C:\Users\jjfan\.m2\repository\org\junit\platform\junit-platform-engine\1.6.2\junit-platform-engine-1.6.2.jar;C:\Users\jjfan\.m2\repository\org\openjfx\javafx-controls\12.0.1\javafx-controls-12.0.1.jar;C:\Users\jjfan\.m2\repository\org\openjfx\javafx-controls\12.0.1\javafx-controls-12.0.1-win.jar;C:\Users\jjfan\.m2\repository\org\openjfx\javafx-graphics\12.0.1\javafx-graphics-12.0.1.jar;C:\Users\jjfan\.m2\repository\org\openjfx\javafx-graphics\12.0.1\javafx-graphics-12.0.1-win.jar;C:\Users\jjfan\.m2\repository\org\openjfx\javafx-base\12.0.1\javafx-base-12.0.1.jar;C:\Users\jjfan\.m2\repository\org\openjfx\javafx-base\12.0.1\javafx-base-12.0.1-win.jar;C:\Users\jjfan\.m2\repository\org\openjfx\javafx-fxml\12\javafx-fxml-12.jar;C:\Users\jjfan\.m2\repository\org\openjfx\javafx-fxml\12\javafx-fxml-12-win.jar;"/>
    <property name="java.vm.vendor" value="Oracle Corporation"/>
    <property name="sun.arch.data.model" value="64"/>
    <property name="user.variant" value=""/>
    <property name="java.vendor.url" value="https://java.oracle.com/"/>
    <property name="user.timezone" value="America/Chicago"/>
    <property name="os.name" value="Windows 10"/>
    <property name="java.vm.specification.version" value="17"/>
    <property name="sun.java.launcher" value="SUN_STANDARD"/>
    <property name="user.country" value="US"/>
    <property name="sun.boot.library.path" value="C:\Program Files\Java\jdk-17.0.1\bin"/>
    <property name="sun.java.command" value="C:\Users\jjfan\AppData\Local\Temp\surefire15178076567679211186\surefirebooter6092314793222389549.jar C:\Users\jjfan\AppData\Local\Temp\surefire15178076567679211186 2022-05-02T08-50-57_889-jvmRun1 surefire15555154784742459571tmp surefire_09398419428570827825tmp"/>
    <property name="jdk.debug" value="release"/>
    <property name="surefire.test.class.path" value="C:\Users\jjfan\Documents\Computer Science\CS 342\Project2\Project2\target\test-classes;C:\Users\jjfan\Documents\Computer Science\CS 342\Project2\Project2\target\classes;C:\Users\jjfan\.m2\repository\org\junit\jupiter\junit-jupiter\5.6.2\junit-jupiter-5.6.2.jar;C:\Users\jjfan\.m2\repository\org\junit\jupiter\junit-jupiter-api\5.6.2\junit-jupiter-api-5.6.2.jar;C:\Users\jjfan\.m2\repository\org\apiguardian\apiguardian-api\1.1.0\apiguardian-api-1.1.0.jar;C:\Users\jjfan\.m2\repository\org\opentest4j\opentest4j\1.2.0\opentest4j-1.2.0.jar;C:\Users\jjfan\.m2\repository\org\junit\platform\junit-platform-commons\1.6.2\junit-platform-commons-1.6.2.jar;C:\Users\jjfan\.m2\repository\org\junit\jupiter\junit-jupiter-params\5.6.2\junit-jupiter-params-5.6.2.jar;C:\Users\jjfan\.m2\repository\org\junit\jupiter\junit-jupiter-engine\5.6.2\junit-jupiter-engine-5.6.2.jar;C:\Users\jjfan\.m2\repository\org\junit\platform\junit-platform-engine\1.6.2\junit-platform-engine-1.6.2.jar;C:\Users\jjfan\.m2\repository\org\openjfx\javafx-controls\12.0.1\javafx-controls-12.0.1.jar;C:\Users\jjfan\.m2\repository\org\openjfx\javafx-controls\12.0.1\javafx-controls-12.0.1-win.jar;C:\Users\jjfan\.m2\repository\org\openjfx\javafx-graphics\12.0.1\javafx-graphics-12.0.1.jar;C:\Users\jjfan\.m2\repository\org\openjfx\javafx-graphics\12.0.1\javafx-graphics-12.0.1-win.jar;C:\Users\jjfan\.m2\repository\org\openjfx\javafx-base\12.0.1\javafx-base-12.0.1.jar;C:\Users\jjfan\.m2\repository\org\openjfx\javafx-base\12.0.1\javafx-base-12.0.1-win.jar;C:\Users\jjfan\.m2\repository\org\openjfx\javafx-fxml\12\javafx-fxml-12.jar;C:\Users\jjfan\.m2\repository\org\openjfx\javafx-fxml\12\javafx-fxml-12-win.jar;"/>
    <property name="sun.cpu.endian" value="little"/>
    <property name="user.home" value="C:\Users\jjfan"/>
    <property name="user.language" value="en"/>
    <property name="java.specification.vendor" value="Oracle Corporation"/>
    <property name="java.version.date" value="2021-10-19"/>
    <property name="java.home" value="C:\Program Files\Java\jdk-17.0.1"/>
    <property name="file.separator" value="\"/>
    <property name="basedir" value="C:\Users\jjfan\Documents\Computer Science\CS 342\Project2\Project2"/>
    <property name="java.vm.compressedOopsMode" value="32-bit"/>
    <property name="line.separator" value="&#10;"/>
    <property name="java.vm.specification.vendor" value="Oracle Corporation"/>
    <property name="java.specification.name" value="Java Platform API Specification"/>
    <property name="surefire.real.class.path" value="C:\Users\jjfan\AppData\Local\Temp\surefire15178076567679211186\surefirebooter6092314793222389549.jar"/>
    <property name="user.script" value=""/>
    <property name="sun.management.compiler" value="HotSpot 64-Bit Tiered Compilers"/>
    <property name="java.runtime.version" value="17.0.1+12-LTS-39"/>
    <property name="user.name" value="jjfan"/>
    <property name="path.separator" value=";"/>
    <property name="os.version" value="10.0"/>
    <property name="java.runtime.name" value="Java(TM) SE Runtime Environment"/>
    <property name="file.encoding" value="Cp1252"/>
    <property name="java.vm.name" value="Java HotSpot(TM) 64-Bit Server VM"/>
    <property name="localRepository" value="C:\Users\jjfan\.m2\repository"/>
    <property name="java.vendor.url.bug" value="https://bugreport.java.com/bugreport/"/>
    <property name="java.io.tmpdir" value="C:\Users\jjfan\AppData\Local\Temp\"/>
    <property name="java.version" value="17.0.1"/>
    <property name="user.dir" value="C:\Users\jjfan\Documents\Computer Science\CS 342\Project2\Project2"/>
    <property name="os.arch" value="amd64"/>
    <property name="java.vm.specification.name" value="Java Virtual Machine Specification"/>
    <property name="sun.os.patch.level" value=""/>
    <property name="native.encoding" value="Cp1252"/>
    <property name="java.library.path" value="C:\Program Files\Java\jdk-17.0.1\bin;C:\Windows\Sun\Java\bin;C:\Windows\system32;C:\Windows;C:/Program Files/Java/jdk-17.0.1/bin/server;C:/Program Files/Java/jdk-17.0.1/bin;C:\Program Files\Microsoft\jdk-11.0.12.7-hotspot\bin;C:\Program Files (x86)\VMware\VMware Workstation\bin\;C:\Program Files\Common Files\Oracle\Java\javapath;C:\Windows\system32;C:\Windows;C:\Windows\System32\Wbem;C:\Windows\System32\WindowsPowerShell\v1.0\;C:\Windows\System32\OpenSSH\;C:\Program Files\PuTTY\;C:\Program Files\Java\jdk-17.0.1\bin;C:\Program Files\Apache Software Foundation\apache-maven\apache-maven-3.8.4\bin;C:\Users\jjfan\AppData\Local\Microsoft\WindowsApps;;C:\Users\jjfan\AppData\Local\Programs\Microsoft VS Code\bin;C:\Windows\System32;;."/>
    <property name="java.vm.info" value="mixed mode, sharing"/>
    <property name="java.vendor" value="Oracle Corporation"/>
    <property name="java.vm.version" value="17.0.1+12-LTS-39"/>
    <property name="sun.io.unicode.encoding" value="UnicodeLittle"/>
    <property name="java.class.version" value="61.0"/>
  </properties>
  <testcase name="betCardResetNumberCountTest" classname="MyTest" time="0.02"/>
  <testcase name="betCardResetSpotsTest" classname="MyTest" time="0"/>
  <testcase name="betCardSetDrawAboveRangeTest{int}[1]" classname="MyTest" time="0.029"/>
  <testcase name="betCardSetDrawAboveRangeTest{int}[2]" classname="MyTest" time="0.001"/>
  <testcase name="betCardSetDrawAboveRangeTest{int}[3]" classname="MyTest" time="0.001"/>
  <testcase name="betCardSetSpotsAboveRangeTest{int}[1]" classname="MyTest" time="0.001"/>
  <testcase name="betCardSetSpotsAboveRangeTest{int}[2]" classname="MyTest" time="0.001"/>
  <testcase name="betCardSetSpotsAboveRangeTest{int}[3]" classname="MyTest" time="0.001"/>
  <testcase name="betCardCompareTest2" classname="MyTest" time="0.004"/>
  <testcase name="betCardConstructorSpotsTest" classname="MyTest" time="0"/>
  <testcase name="betCardConstructorNumbersTest" classname="MyTest" time="0"/>
  <testcase name="playerAddEarnings{int, int}[1]" classname="MyTest" time="0.001"/>
  <testcase name="playerAddEarnings{int, int}[2]" classname="MyTest" time="0"/>
  <testcase name="playerAddEarnings{int, int}[3]" classname="MyTest" time="0.001"/>
  <testcase name="betCardCompareTest" classname="MyTest" time="0"/>
  <testcase name="betCardNumbersCountTest" classname="MyTest" time="0.002"/>
  <testcase name="playerGetBetCardTest" classname="MyTest" time="0.001"/>
  <testcase name="betCardSetSpotsInRangeTest{int}[1]" classname="MyTest" time="0"/>
  <testcase name="betCardSetSpotsInRangeTest{int}[2]" classname="MyTest" time="0.001"/>
  <testcase name="betCardSetSpotsInRangeTest{int}[3]" classname="MyTest" time="0"/>
  <testcase name="betCardSetSpotsInRangeTest{int}[4]" classname="MyTest" time="0.001"/>
  <testcase name="betCardSetDrawInRangeTest{int}[1]" classname="MyTest" time="0"/>
  <testcase name="betCardSetDrawInRangeTest{int}[2]" classname="MyTest" time="0.001"/>
  <testcase name="betCardSetDrawInRangeTest{int}[3]" classname="MyTest" time="0"/>
  <testcase name="betCardSetDrawInRangeTest{int}[4]" classname="MyTest" time="0"/>
  <testcase name="betCardRemoveAndCompareTest{int}[1]" classname="MyTest" time="0.001"/>
  <testcase name="betCardRemoveAndCompareTest{int}[2]" classname="MyTest" time="0.001"/>
  <testcase name="betCardRemoveAndCompareTest{int}[3]" classname="MyTest" time="0"/>
  <testcase name="betCardRemoveAndCompareTest{int}[4]" classname="MyTest" time="0"/>
  <testcase name="betCardRemoveAndCompareTest{int}[5]" classname="MyTest" time="0.001"/>
  <testcase name="betCardRemoveAndCompareTest{int}[6]" classname="MyTest" time="0"/>
  <testcase name="betCardRemoveAndCompareTest{int}[7]" classname="MyTest" time="0"/>
  <testcase name="betCardRemoveAndCompareTest{int}[8]" classname="MyTest" time="0.001"/>
  <testcase name="betCardRemoveAndCompareTest{int}[9]" classname="MyTest" time="0.001"/>
  <testcase name="betCardRemoveAndCompareTest{int}[10]" classname="MyTest" time="0"/>
  <testcase name="betCardRemoveAndCompareTest{int}[11]" classname="MyTest" time="0.001"/>
  <testcase name="betCardRemoveAndCompareTest{int}[12]" classname="MyTest" time="0.001"/>
  <testcase name="betCardRemoveAndCompareTest{int}[13]" classname="MyTest" time="0"/>
  <testcase name="betCardRemoveAndCompareTest{int}[14]" classname="MyTest" time="0.001"/>
  <testcase name="betCardRemoveAndCompareTest{int}[15]" classname="MyTest" time="0.001"/>
  <testcase name="betCardRemoveAndCompareTest{int}[16]" classname="MyTest" time="0.002"/>
  <testcase name="betCardRemoveAndCompareTest{int}[17]" classname="MyTest" time="0.001"/>
  <testcase name="betCardRemoveAndCompareTest{int}[18]" classname="MyTest" time="0.001"/>
  <testcase name="betCardRemoveAndCompareTest{int}[19]" classname="MyTest" time="0.001"/>
  <testcase name="betCardRemoveAndCompareTest{int}[20]" classname="MyTest" time="0.001"/>
  <testcase name="betCardFullTest" classname="MyTest" time="0.001"/>
  <testcase name="betCardConstructorDrawTest" classname="MyTest" time="0.001"/>
  <testcase name="betCardRemoveAndFullTest" classname="MyTest" time="0.001"/>
  <testcase name="betCardNumbersCountTest2" classname="MyTest" time="0"/>
  <testcase name="betCardClearNumbersTest" classname="MyTest" time="0"/>
  <testcase name="betCardContainsTest{int}[1]" classname="MyTest" time="0"/>
  <testcase name="betCardContainsTest{int}[2]" classname="MyTest" time="0.001"/>
  <testcase name="betCardContainsTest{int}[3]" classname="MyTest" time="0.002"/>
  <testcase name="betCardContainsTest{int}[4]" classname="MyTest" time="0"/>
  <testcase name="betCardContainsTest{int}[5]" classname="MyTest" time="0.001"/>
  <testcase name="betCardContainsTest{int}[6]" classname="MyTest" time="0"/>
  <testcase name="betCardContainsTest{int}[7]" classname="MyTest" time="0.001"/>
  <testcase name="betCardContainsTest{int}[8]" classname="MyTest" time="0.001"/>
  <testcase name="betCardContainsTest{int}[9]" classname="MyTest" time="0.001"/>
  <testcase name="betCardContainsTest{int}[10]" classname="MyTest" time="0.001"/>
  <testcase name="betCardSetDrawBelowRangeTest{int}[1]" classname="MyTest" time="0"/>
  <testcase name="betCardSetDrawBelowRangeTest{int}[2]" classname="MyTest" time="0"/>
  <testcase name="betCardSetDrawBelowRangeTest{int}[3]" classname="MyTest" time="0"/>
  <testcase name="betCardSetSpotsBelowRangeTest{int}[1]" classname="MyTest" time="0"/>
  <testcase name="betCardSetSpotsBelowRangeTest{int}[2]" classname="MyTest" time="0.001"/>
  <testcase name="betCardSetSpotsBelowRangeTest{int}[3]" classname="MyTest" time="0.001"/>
  <testcase name="betCardResetDrawTest" classname="MyTest" time="0"/>
  <testcase name="playerSetEarnings{int}[1]" classname="MyTest" time="0"/>
  <testcase name="playerSetEarnings{int}[2]" classname="MyTest" time="0.001"/>
  <testcase name="playerSetEarnings{int}[3]" classname="MyTest" time="0.001"/>
  <testcase name="playerGetEarnings" classname="MyTest" time="0"/>
  <testcase name="betCardDoesNotContainsTest{int}[1]" classname="MyTest" time="0.001"/>
  <testcase name="betCardDoesNotContainsTest{int}[2]" classname="MyTest" time="0.001"/>
  <testcase name="betCardDoesNotContainsTest{int}[3]" classname="MyTest" time="0"/>
  <testcase name="betCardDoesNotContainsTest{int}[4]" classname="MyTest" time="0"/>
  <testcase name="betCardDoesNotContainsTest{int}[5]" classname="MyTest" time="0"/>
  <testcase name="betCardDoesNotContainsTest{int}[6]" classname="MyTest" time="0"/>
  <testcase name="betCardDoesNotContainsTest{int}[7]" classname="MyTest" time="0.001"/>
  <testcase name="betCardDoesNotContainsTest{int}[8]" classname="MyTest" time="0.001"/>
  <testcase name="betCardDoesNotContainsTest{int}[9]" classname="MyTest" time="0.001"/>
  <testcase name="betCardDoesNotContainsTest{int}[10]" classname="MyTest" time="0"/>
</testsuite>